<?xml version="1.0" encoding="UTF-8"?>
<!-- Generated by org.testng.reporters.JUnitReportReporter -->
<testsuite hostname="TYSS-Channaveerayya" failures="0" tests="1" name="org.fireflink.socketio.scripts.Test1" time="38.631" errors="0" timestamp="2024-08-08T15:02:04 IST" skipped="0">
  <testcase classname="org.fireflink.socketio.scripts.Test1" name="test1" time="38.631"/>
  <system-out/>
</testsuite> <!-- org.fireflink.socketio.scripts.Test1 -->
