<?xml version="1.0" encoding="UTF-8"?>
<!-- Generated by org.testng.reporters.JUnitReportReporter -->
<testsuite hostname="TYSS-Channaveerayya" failures="0" tests="1" name="org.fireflink.socketio.scripts.VerifySocketIOProtocal_For_MultipleThreads" time="58.167" errors="0" timestamp="2024-08-08T16:53:18 IST" skipped="0">
  <testcase classname="org.fireflink.socketio.scripts.VerifySocketIOProtocal_For_MultipleThreads" name="verifySocketIOProtocal_For_MultipleThreads" time="58.167"/>
  <system-out/>
</testsuite> <!-- org.fireflink.socketio.scripts.VerifySocketIOProtocal_For_MultipleThreads -->
